0 info it worked if it ends with ok
1 verbose cli [ '/home/travis/.nvm/v0.10.36/bin/node',
1 verbose cli   '/home/travis/.nvm/v0.10.36/bin/npm',
1 verbose cli   'run',
1 verbose cli   'doc' ]
2 info using npm@1.4.28
3 info using node@v0.10.36
4 error Error: ENOENT, open '/home/travis/build/ArtOfCode-/nails/docs/package.json'
5 error If you need help, you may report this *entire* log,
5 error including the npm and node versions, at:
5 error     <http://github.com/npm/npm/issues>
6 error System Linux 4.8.12-040812-generic
7 error command "/home/travis/.nvm/v0.10.36/bin/node" "/home/travis/.nvm/v0.10.36/bin/npm" "run" "doc"
8 error cwd /home/travis/build/ArtOfCode-/nails/docs
9 error node -v v0.10.36
10 error npm -v 1.4.28
11 error path /home/travis/build/ArtOfCode-/nails/docs/package.json
12 error code ENOENT
13 error errno 34
14 verbose exit [ 34, true ]
